#
# There is insufficient memory for the Java Runtime Environment to continue.
# Native memory allocation (mmap) failed to map 132120576 bytes for G1 virtual space
# Possible reasons:
#   The system is out of physical RAM or swap space
#   The process is running with CompressedOops enabled, and the Java Heap may be blocking the growth of the native heap
# Possible solutions:
#   Reduce memory load on the system
#   Increase physical memory or swap space
#   Check if swap backing store is full
#   Decrease Java heap size (-Xmx/-Xms)
#   Decrease number of Java threads
#   Decrease Java thread stack sizes (-Xss)
#   Set larger code cache with -XX:ReservedCodeCacheSize=
#   JVM is running with Unscaled Compressed Oops mode in which the Java heap is
#     placed in the first 4GB address space. The Java Heap base address is the
#     maximum limit for the native heap growth. Please use -XX:HeapBaseMinAddress
#     to set the Java Heap base and to place the Java Heap above 4GB virtual address.
# This output file may be truncated or incomplete.
#
#  Out of Memory Error (os_windows.cpp:3753), pid=19392, tid=7612
#
# JRE version:  (17.0.4.1+7) (build )
# Java VM: OpenJDK 64-Bit Server VM (17.0.4.1+7-b469.62, mixed mode, sharing, tiered, compressed oops, compressed class ptrs, g1 gc, windows-amd64)
# No core dump will be written. Minidumps are not enabled by default on client versions of Windows
#

---------------  S U M M A R Y ------------

Command Line: git4idea.http.GitAskPassApp Username for 'https://github.com': 

Host: Intel(R) Core(TM) i3-6100 CPU @ 3.70GHz, 4 cores, 7G,  Windows 10 , 64 bit Build 19041 (10.0.19041.2364)
Time: Fri Dec 23 00:33:20 2022 Paris, Madrid elapsed time: 0.012855 seconds (0d 0h 0m 0s)

---------------  T H R E A D  ---------------

Current thread (0x0000021d8f0c43b0):  JavaThread "Unknown thread" [_thread_in_vm, id=7612, stack(0x000000fba3e00000,0x000000fba3f00000)]

Stack: [0x000000fba3e00000,0x000000fba3f00000]
Native frames: (J=compiled Java code, j=interpreted, Vv=VM code, C=native code)
V  [jvm.dll+0x68356a]
V  [jvm.dll+0x83fab4]
V  [jvm.dll+0x84125e]
V  [jvm.dll+0x8418c3]
V  [jvm.dll+0x249735]
V  [jvm.dll+0x680439]
V  [jvm.dll+0x674a7a]
V  [jvm.dll+0x30956b]
V  [jvm.dll+0x310a26]
V  [jvm.dll+0x36089e]
V  [jvm.dll+0x360acf]
V  [jvm.dll+0x2df658]
V  [jvm.dll+0x2e05c4]
V  [jvm.dll+0x8112a1]
V  [jvm.dll+0x36e6f1]
V  [jvm.dll+0x7f076c]
V  [jvm.dll+0x3f180f]
V  [jvm.dll+0x3f3351]
C  [jli.dll+0x526b]
C  [ucrtbase.dll+0x21bb2]
C  [KERNEL32.DLL+0x17614]
C  [ntdll.dll+0x526a1]


---------------  P R O C E S S  ---------------

Threads class SMR info:
_java_thread_list=0x00007ffb0df77f58, length=0, elements={
}

Java Threads: ( => current thread )

Other Threads:
  0x0000021d8f11c940 GCTaskThread "GC Thread#0" [stack: 0x000000fba3f00000,0x000000fba4000000] [id=5312]
  0x0000021d8f12d200 ConcurrentGCThread "G1 Main Marker" [stack: 0x000000fba4000000,0x000000fba4100000] [id=6504]
  0x0000021d8f12e3b0 ConcurrentGCThread "G1 Conc#0" [stack: 0x000000fba4100000,0x000000fba4200000] [id=10084]

[error occurred during error reporting (printing all threads), id 0xc0000005, EXCEPTION_ACCESS_VIOLATION (0xc0000005) at pc=0x00007ffb0d730217]

VM state: not at safepoint (not fully initialized)

VM Mutex/Monitor currently owned by a thread:  ([mutex/lock_event])
[0x0000021d8f0bf410] Heap_lock - owner thread: 0x0000021d8f0c43b0

Heap address: 0x0000000083400000, size: 1996 MB, Compressed Oops mode: 32-bit

CDS archive(s) mapped at: [0x0000000000000000-0x0000000000000000-0x0000000000000000), size 0, SharedBaseAddress: 0x0000000800000000, ArchiveRelocationMode: 0.
Narrow klass base: 0x0000000000000000, Narrow klass shift: 0, Narrow klass range: 0x0

GC Precious Log:
<Empty>

Heap:
 garbage-first heap   total 0K, used 0K [0x0000000083400000, 0x0000000100000000)
  region size 1024K, 0 young (0K), 0 survivors (0K)

[error occurred during error reporting (printing heap information), id 0xc0000005, EXCEPTION_ACCESS_VIOLATION (0xc0000005) at pc=0x00007ffb0db1d1f9]

GC Heap History (0 events):
No events

Deoptimization events (0 events):
No events

Classes unloaded (0 events):
No events

Classes redefined (0 events):
No events

Internal exceptions (0 events):
No events

VM Operations (0 events):
No events

Events (1 events):
Event: 0.007 Loaded shared library C:\Users\clement\AppData\Local\JetBrains\Toolbox\apps\PyCharm-P\ch-0\222.4345.23\jbr\bin\java.dll


Dynamic libraries:
0x00007ff6a7070000 - 0x00007ff6a707a000 	C:\Users\clement\AppData\Local\JetBrains\Toolbox\apps\PyCharm-P\ch-0\222.4345.23\jbr\bin\java.exe
0x00007ffb4b230000 - 0x00007ffb4b428000 	C:\WINDOWS\SYSTEM32\ntdll.dll
0x00007ffb493a0000 - 0x00007ffb4945f000 	C:\WINDOWS\System32\KERNEL32.DLL
0x00007ffb48df0000 - 0x00007ffb490c2000 	C:\WINDOWS\System32\KERNELBASE.dll
0x00007ffb48920000 - 0x00007ffb48a20000 	C:\WINDOWS\System32\ucrtbase.dll
0x00007ffb04590000 - 0x00007ffb045ab000 	C:\Users\clement\AppData\Local\JetBrains\Toolbox\apps\PyCharm-P\ch-0\222.4345.23\jbr\bin\VCRUNTIME140.dll
0x00007ffb03fd0000 - 0x00007ffb03fe7000 	C:\Users\clement\AppData\Local\JetBrains\Toolbox\apps\PyCharm-P\ch-0\222.4345.23\jbr\bin\jli.dll
0x00007ffb498d0000 - 0x00007ffb49a71000 	C:\WINDOWS\System32\USER32.dll
0x00007ffb34d30000 - 0x00007ffb34fca000 	C:\WINDOWS\WinSxS\amd64_microsoft.windows.common-controls_6595b64144ccf1df_6.0.19041.1110_none_60b5254171f9507e\COMCTL32.dll
0x00007ffb49100000 - 0x00007ffb49122000 	C:\WINDOWS\System32\win32u.dll
0x00007ffb4a940000 - 0x00007ffb4a9de000 	C:\WINDOWS\System32\msvcrt.dll
0x00007ffb49a80000 - 0x00007ffb49aab000 	C:\WINDOWS\System32\GDI32.dll
0x00007ffb48a20000 - 0x00007ffb48b2f000 	C:\WINDOWS\System32\gdi32full.dll
0x00007ffb48bf0000 - 0x00007ffb48c8d000 	C:\WINDOWS\System32\msvcp_win.dll
0x00007ffb49ec0000 - 0x00007ffb49ef2000 	C:\WINDOWS\System32\IMM32.DLL
0x00007ffb31fe0000 - 0x00007ffb31fec000 	C:\Users\clement\AppData\Local\JetBrains\Toolbox\apps\PyCharm-P\ch-0\222.4345.23\jbr\bin\vcruntime140_1.dll
0x00007ffb03ea0000 - 0x00007ffb03f2d000 	C:\Users\clement\AppData\Local\JetBrains\Toolbox\apps\PyCharm-P\ch-0\222.4345.23\jbr\bin\msvcp140.dll
0x00007ffb0d440000 - 0x00007ffb0e0a9000 	C:\Users\clement\AppData\Local\JetBrains\Toolbox\apps\PyCharm-P\ch-0\222.4345.23\jbr\bin\server\jvm.dll
0x00007ffb4b000000 - 0x00007ffb4b0ae000 	C:\WINDOWS\System32\ADVAPI32.dll
0x00007ffb49ab0000 - 0x00007ffb49b4c000 	C:\WINDOWS\System32\sechost.dll
0x00007ffb49cb0000 - 0x00007ffb49dd5000 	C:\WINDOWS\System32\RPCRT4.dll
0x00007ffb49ca0000 - 0x00007ffb49ca8000 	C:\WINDOWS\System32\PSAPI.DLL
0x00007ffb32e40000 - 0x00007ffb32e49000 	C:\WINDOWS\SYSTEM32\WSOCK32.dll
0x00007ffb36080000 - 0x00007ffb360a7000 	C:\WINDOWS\SYSTEM32\WINMM.dll
0x00007ffb4b180000 - 0x00007ffb4b1eb000 	C:\WINDOWS\System32\WS2_32.dll
0x00007ffb39300000 - 0x00007ffb3930a000 	C:\WINDOWS\SYSTEM32\VERSION.dll
0x00007ffb46800000 - 0x00007ffb46812000 	C:\WINDOWS\SYSTEM32\kernel.appcore.dll
0x00007ffb42f90000 - 0x00007ffb42f9a000 	C:\Users\clement\AppData\Local\JetBrains\Toolbox\apps\PyCharm-P\ch-0\222.4345.23\jbr\bin\jimage.dll
0x00007ffb327f0000 - 0x00007ffb329d4000 	C:\WINDOWS\SYSTEM32\DBGHELP.DLL
0x00007ffb327b0000 - 0x00007ffb327e5000 	C:\WINDOWS\SYSTEM32\dbgcore.DLL
0x00007ffb491e0000 - 0x00007ffb49262000 	C:\WINDOWS\System32\bcryptPrimitives.dll
0x00007ffb42600000 - 0x00007ffb42625000 	C:\Users\clement\AppData\Local\JetBrains\Toolbox\apps\PyCharm-P\ch-0\222.4345.23\jbr\bin\java.dll

dbghelp: loaded successfully - version: 4.0.5 - missing functions: none
symbol engine: initialized successfully - sym options: 0x614 - pdb path: .;C:\Users\clement\AppData\Local\JetBrains\Toolbox\apps\PyCharm-P\ch-0\222.4345.23\jbr\bin;C:\WINDOWS\SYSTEM32;C:\WINDOWS\WinSxS\amd64_microsoft.windows.common-controls_6595b64144ccf1df_6.0.19041.1110_none_60b5254171f9507e;C:\Users\clement\AppData\Local\JetBrains\Toolbox\apps\PyCharm-P\ch-0\222.4345.23\jbr\bin\server

VM Arguments:
java_command: git4idea.http.GitAskPassApp Username for 'https://github.com': 
java_class_path (initial): C:/Users/clement/AppData/Local/JetBrains/Toolbox/apps/PyCharm-P/ch-0/222.4345.23/plugins/git4idea/lib/git4idea-rt.jar;C:/Users/clement/AppData/Local/JetBrains/Toolbox/apps/PyCharm-P/ch-0/222.4345.23/lib/externalProcess-rt.jar;C:/Users/clement/AppData/Local/JetBrains/Toolbox/apps/PyCharm-P/ch-0/222.4345.23/lib/app.jar;C:/Users/clement/AppData/Local/JetBrains/Toolbox/apps/PyCharm-P/ch-0/222.4345.23/lib/3rd-party-rt.jar
Launcher Type: SUN_STANDARD

[Global flags]
     intx CICompilerCount                          = 3                                         {product} {ergonomic}
     uint ConcGCThreads                            = 1                                         {product} {ergonomic}
     uint G1ConcRefinementThreads                  = 4                                         {product} {ergonomic}
   size_t G1HeapRegionSize                         = 1048576                                   {product} {ergonomic}
    uintx GCDrainStackTargetSize                   = 64                                        {product} {ergonomic}
   size_t InitialHeapSize                          = 132120576                                 {product} {ergonomic}
   size_t MarkStackSize                            = 4194304                                   {product} {ergonomic}
   size_t MaxHeapSize                              = 2092957696                                {product} {ergonomic}
   size_t MinHeapDeltaBytes                        = 1048576                                   {product} {ergonomic}
   size_t MinHeapSize                              = 8388608                                   {product} {ergonomic}
    uintx NonNMethodCodeHeapSize                   = 5832780                                {pd product} {ergonomic}
    uintx NonProfiledCodeHeapSize                  = 122912730                              {pd product} {ergonomic}
    uintx ProfiledCodeHeapSize                     = 122912730                              {pd product} {ergonomic}
    uintx ReservedCodeCacheSize                    = 251658240                              {pd product} {ergonomic}
     bool SegmentedCodeCache                       = true                                      {product} {ergonomic}
   size_t SoftMaxHeapSize                          = 2092957696                             {manageable} {ergonomic}
     bool UseCompressedClassPointers               = true                           {product lp64_product} {ergonomic}
     bool UseCompressedOops                        = true                           {product lp64_product} {ergonomic}
     bool UseG1GC                                  = true                                      {product} {ergonomic}
     bool UseLargePagesIndividualAllocation        = false                                  {pd product} {ergonomic}

Logging:
Log output configuration:
 #0: stdout all=warning uptime,level,tags
 #1: stderr all=off uptime,level,tags

Environment Variables:
PATH=C:/Program Files/Git/mingw64/libexec/git-core;C:/Program Files/Git/mingw64/libexec/git-core;C:\Program Files\Git\mingw64\bin;C:\Program Files\Git\usr\bin;C:\Users\clement\bin;C:\Users\clement\mtbc\venv\Scripts;C:\WINDOWS\system32;C:\WINDOWS;C:\WINDOWS\System32\Wbem;C:\WINDOWS\System32\WindowsPowerShell\v1.0\;C:\WINDOWS\System32\OpenSSH\;C:\Program Files\Git\cmd;C:\Program Files\MEGA11;C:\Program Files\NCBI\blast-BLAST_VERSION+\bin;C:\Users\clement\AppData\Local\Microsoft\WindowsApps
USERNAME=clement
DISPLAY=:0.0
LC_ALL=en_US.UTF-8
TERM=cygwin
TMPDIR=C:\Users\clement\AppData\Local\Temp
OS=Windows_NT
PROCESSOR_IDENTIFIER=Intel64 Family 6 Model 94 Stepping 3, GenuineIntel
TMP=C:\Users\clement\AppData\Local\Temp
TEMP=C:\Users\clement\AppData\Local\Temp



---------------  S Y S T E M  ---------------

OS:
 Windows 10 , 64 bit Build 19041 (10.0.19041.2364)
OS uptime: 6 days 9:24 hours

CPU: total 4 (initial active 4) (2 cores per cpu, 2 threads per core) family 6 model 94 stepping 3 microcode 0xcc, cx8, cmov, fxsr, ht, mmx, 3dnowpref, sse, sse2, sse3, ssse3, sse4.1, sse4.2, popcnt, lzcnt, tsc, tscinvbit, avx, avx2, aes, erms, clmul, bmi1, bmi2, adx, fma, vzeroupper, clflush, clflushopt

Memory: 4k page, system-wide physical 7980M (931M free)
TotalPageFile size 10980M (AvailPageFile size 117M)
current process WorkingSet (physical memory assigned to process): 10M, peak: 10M
current process commit charge ("private bytes"): 51M, peak: 177M

vm_info: OpenJDK 64-Bit Server VM (17.0.4.1+7-b469.62) for windows-amd64 JRE (17.0.4.1+7-b469.62), built on 2022-09-22 by "builduser" with MS VC++ 16.10 / 16.11 (VS2019)

END.
